[08.11. 2025 16:42:22 UTC] - Nepodarilo sa prihlásiť
[09.11. 2025 09:33:31 UTC] - Príloha je príliš veľká
[09.11. 2025 09:34:36 UTC] - Príloha je príliš veľká
[09.11. 2025 09:35:18 UTC] - Príloha je príliš veľká
[09.11. 2025 09:37:59 UTC] - Príloha je príliš veľká
[09.11. 2025 09:39:03 UTC] - Príloha je príliš veľká
[09.11. 2025 19:21:31 UTC] - Nepodarilo sa prihlásiť
[09.11. 2025 19:21:45 UTC] - Nepodarilo sa prihlásiť
[09.11. 2025 19:22:01 UTC] - Nepodarilo sa prihlásiť
[09.11. 2025 19:22:09 UTC] - Nepodarilo sa prihlásiť
[09.11. 2025 19:36:44 UTC] - Overenie reCaptcha zlyhalo
[09.11. 2025 19:37:21 UTC] - Overenie reCaptcha zlyhalo
[09.11. 2025 19:38:01 UTC] - Overenie reCaptcha zlyhalo
[10.11. 2025 17:00:02 UTC] - Nepodarilo sa prihlásiť
[11.11. 2025 14:36:01 UTC] - Tento e-mail už je zaregistrovaný
[11.11. 2025 14:38:45 UTC] - Overenie reCaptcha zlyhalo
[11.11. 2025 14:39:34 UTC] - Tento e-mail už je zaregistrovaný
[11.11. 2025 14:40:37 UTC] - Overenie reCaptcha zlyhalo
[11.11. 2025 14:41:25 UTC] - Overenie reCaptcha zlyhalo
[11.11. 2025 14:44:33 UTC] - Tento e-mail už je zaregistrovaný
[11.11. 2025 14:47:20 UTC] - Heslá sa nezhodujú
[11.11. 2025 14:47:40 UTC] - Tento e-mail už je zaregistrovaný
[11.11. 2025 14:51:08 UTC] - Tento e-mail už je zaregistrovaný
